{
  message: 'data base connection established',
  level: 'info',
  service: 'user-service',
  label: 'PHU',
  timestamp: '2023-06-04T16:45:16.815Z'
}
{
  message: 'Example app listening on port 5000',
  level: 'info',
  service: 'user-service',
  label: 'PHU',
  timestamp: '2023-06-04T16:45:16.855Z'
}
{
  message: 'data base connection established',
  level: 'info',
  service: 'user-service',
  label: 'PHU',
  timestamp: '2023-06-04T16:45:59.850Z'
}
{
  message: 'Example app listening on port 5000',
  level: 'info',
  service: 'user-service',
  label: 'PHU',
  timestamp: '2023-06-04T16:45:59.865Z'
}
{
  message: 'data base connection established',
  level: 'info',
  service: 'user-service',
  label: 'PHU',
  timestamp: '2023-06-04T16:46:58.231Z'
}
{
  message: 'Example app listening on port 5000',
  level: 'info',
  service: 'user-service',
  label: 'PHU',
  timestamp: '2023-06-04T16:46:58.246Z'
}
{
  message: 'data base connection established',
  level: 'info',
  service: 'user-service',
  label: 'PHU',
  timestamp: '2023-06-04T16:47:08.407Z'
}
{
  message: 'Example app listening on port 5000',
  level: 'info',
  service: 'user-service',
  label: 'PHU',
  timestamp: '2023-06-04T16:47:08.429Z'
}
{
  message: 'data base connection established',
  level: 'info',
  service: 'user-service',
  label: 'PHU',
  timestamp: '2023-06-04T16:49:06.140Z'
}
{
  message: 'Example app listening on port 5000',
  level: 'info',
  service: 'user-service',
  label: 'PHU',
  timestamp: '2023-06-04T16:49:06.158Z'
}
{
  message: 'data base connection established',
  level: 'info',
  service: 'user-service',
  label: 'PHU',
  timestamp: '2023-06-04T16:50:48.023Z'
}
{
  message: 'Example app listening on port 5000',
  level: 'info',
  service: 'user-service',
  label: 'PHU',
  timestamp: '2023-06-04T16:50:48.044Z'
}
{
  message: 'data base connection established',
  level: 'info',
  service: 'user-service',
  label: 'PHU',
  timestamp: '2023-06-04T16:52:35.083Z'
}
{
  message: 'Example app listening on port 5000',
  level: 'info',
  service: 'user-service',
  label: 'PHU',
  timestamp: '2023-06-04T16:52:35.103Z'
}
{
  message: 'data base connection established',
  level: 'info',
  service: 'user-service',
  label: 'PHU',
  timestamp: '2023-06-04T16:55:35.599Z'
}
{
  message: 'Example app listening on port 5000',
  level: 'info',
  service: 'user-service',
  label: 'PHU',
  timestamp: '2023-06-04T16:55:35.614Z'
}
{
  message: 'data base connection established',
  level: 'info',
  service: 'user-service',
  label: 'PHU',
  timestamp: '2023-06-04T16:56:11.501Z'
}
{
  message: 'Example app listening on port 5000',
  level: 'info',
  service: 'user-service',
  label: 'PHU',
  timestamp: '2023-06-04T16:56:11.525Z'
}
{
  message: 'data base connection established',
  level: 'info',
  service: 'user-service',
  label: 'PHU',
  timestamp: '2023-06-04T16:58:01.612Z'
}
{
  message: 'Example app listening on port 5000',
  level: 'info',
  service: 'user-service',
  label: 'PHU',
  timestamp: '2023-06-04T16:58:01.629Z'
}
