{
  message: 'data base connection established',
  level: 'info',
  service: 'user-service',
  label: 'PHU',
  timestamp: '2023-06-06T01:00:54.460Z'
}
{
  message: 'Example app listening on port 5000',
  level: 'info',
  service: 'user-service',
  label: 'PHU',
  timestamp: '2023-06-06T01:00:54.492Z'
}
{
  message: 'data base connection established',
  level: 'info',
  service: 'user-service',
  label: 'PHU',
  timestamp: '2023-06-06T01:02:44.632Z'
}
{
  message: 'Example app listening on port 5000',
  level: 'info',
  service: 'user-service',
  label: 'PHU',
  timestamp: '2023-06-06T01:02:44.664Z'
}
{
  message: 'data base connection established',
  level: 'info',
  service: 'user-service',
  label: 'PHU',
  timestamp: '2023-06-06T01:10:46.487Z'
}
{
  message: 'Example app listening on port 5000',
  level: 'info',
  service: 'user-service',
  label: 'PHU',
  timestamp: '2023-06-06T01:10:46.505Z'
}
{
  message: 'data base connection established',
  level: 'info',
  service: 'user-service',
  label: 'PHU',
  timestamp: '2023-06-06T01:11:40.018Z'
}
{
  message: 'Example app listening on port 5000',
  level: 'info',
  service: 'user-service',
  label: 'PHU',
  timestamp: '2023-06-06T01:11:40.034Z'
}
{
  message: 'data base connection established',
  level: 'info',
  service: 'user-service',
  label: 'PHU',
  timestamp: '2023-06-06T01:16:09.537Z'
}
{
  message: 'Example app listening on port 5000',
  level: 'info',
  service: 'user-service',
  label: 'PHU',
  timestamp: '2023-06-06T01:16:09.555Z'
}
{
  message: 'data base connection established',
  level: 'info',
  service: 'user-service',
  label: 'PHU',
  timestamp: '2023-06-06T01:16:40.157Z'
}
{
  message: 'Example app listening on port 5000',
  level: 'info',
  service: 'user-service',
  label: 'PHU',
  timestamp: '2023-06-06T01:16:40.175Z'
}
{
  message: 'data base connection established',
  level: 'info',
  service: 'user-service',
  label: 'PHU',
  timestamp: '2023-06-06T01:17:20.092Z'
}
{
  message: 'Example app listening on port 5000',
  level: 'info',
  service: 'user-service',
  label: 'PHU',
  timestamp: '2023-06-06T01:17:20.108Z'
}
{
  message: 'data base connection established',
  level: 'info',
  service: 'user-service',
  label: 'PHU',
  timestamp: '2023-06-06T02:38:22.246Z'
}
{
  message: 'Example app listening on port 5000',
  level: 'info',
  service: 'user-service',
  label: 'PHU',
  timestamp: '2023-06-06T02:38:22.268Z'
}
{
  message: 'data base connection established',
  level: 'info',
  service: 'user-service',
  label: 'PHU',
  timestamp: '2023-06-06T02:38:59.232Z'
}
{
  message: 'Example app listening on port 5000',
  level: 'info',
  service: 'user-service',
  label: 'PHU',
  timestamp: '2023-06-06T02:38:59.253Z'
}
{
  message: 'data base connection established',
  level: 'info',
  service: 'user-service',
  label: 'PHU',
  timestamp: '2023-06-06T02:39:09.349Z'
}
{
  message: 'Example app listening on port 5000',
  level: 'info',
  service: 'user-service',
  label: 'PHU',
  timestamp: '2023-06-06T02:39:09.368Z'
}
{
  message: 'data base connection established',
  level: 'info',
  service: 'user-service',
  label: 'PHU',
  timestamp: '2023-06-06T02:43:21.408Z'
}
{
  message: 'Example app listening on port 5000',
  level: 'info',
  service: 'user-service',
  label: 'PHU',
  timestamp: '2023-06-06T02:43:21.436Z'
}
{
  message: 'data base connection established',
  level: 'info',
  service: 'user-service',
  label: 'PHU',
  timestamp: '2023-06-06T02:52:16.464Z'
}
{
  message: 'Example app listening on port 5000',
  level: 'info',
  service: 'user-service',
  label: 'PHU',
  timestamp: '2023-06-06T02:52:16.483Z'
}
{
  message: 'data base connection established',
  level: 'info',
  service: 'user-service',
  label: 'PHU',
  timestamp: '2023-06-06T02:52:39.553Z'
}
{
  message: 'Example app listening on port 5000',
  level: 'info',
  service: 'user-service',
  label: 'PHU',
  timestamp: '2023-06-06T02:52:39.571Z'
}
{
  message: 'data base connection established',
  level: 'info',
  service: 'user-service',
  label: 'PHU',
  timestamp: '2023-06-06T02:54:32.337Z'
}
{
  message: 'Example app listening on port 5000',
  level: 'info',
  service: 'user-service',
  label: 'PHU',
  timestamp: '2023-06-06T02:54:32.351Z'
}
{
  message: 'data base connection established',
  level: 'info',
  service: 'user-service',
  label: 'PHU',
  timestamp: '2023-06-06T02:56:17.554Z'
}
{
  message: 'Example app listening on port 5000',
  level: 'info',
  service: 'user-service',
  label: 'PHU',
  timestamp: '2023-06-06T02:56:17.575Z'
}
{
  message: 'data base connection established',
  level: 'info',
  service: 'user-service',
  label: 'PHU',
  timestamp: '2023-06-06T02:57:22.882Z'
}
{
  message: 'Example app listening on port 5000',
  level: 'info',
  service: 'user-service',
  label: 'PHU',
  timestamp: '2023-06-06T02:57:22.899Z'
}
{
  message: 'data base connection established',
  level: 'info',
  service: 'user-service',
  label: 'PHU',
  timestamp: '2023-06-06T02:57:52.905Z'
}
{
  message: 'Example app listening on port 5000',
  level: 'info',
  service: 'user-service',
  label: 'PHU',
  timestamp: '2023-06-06T02:57:52.926Z'
}
{
  message: 'data base connection established',
  level: 'info',
  service: 'user-service',
  label: 'PHU',
  timestamp: '2023-06-06T03:09:21.140Z'
}
{
  message: 'Example app listening on port 5000',
  level: 'info',
  service: 'user-service',
  label: 'PHU',
  timestamp: '2023-06-06T03:09:21.177Z'
}
{
  message: 'data base connection established',
  level: 'info',
  service: 'user-service',
  label: 'PHU',
  timestamp: '2023-06-06T03:10:01.946Z'
}
{
  message: 'Example app listening on port 5000',
  level: 'info',
  service: 'user-service',
  label: 'PHU',
  timestamp: '2023-06-06T03:10:01.963Z'
}
{
  message: 'data base connection established',
  level: 'info',
  service: 'user-service',
  label: 'PHU',
  timestamp: '2023-06-06T03:11:45.238Z'
}
{
  message: 'Example app listening on port 5000',
  level: 'info',
  service: 'user-service',
  label: 'PHU',
  timestamp: '2023-06-06T03:11:45.258Z'
}
{
  message: 'data base connection established',
  level: 'info',
  service: 'user-service',
  label: 'PHU',
  timestamp: '2023-06-06T03:13:13.575Z'
}
{
  message: 'Example app listening on port 5000',
  level: 'info',
  service: 'user-service',
  label: 'PHU',
  timestamp: '2023-06-06T03:13:13.592Z'
}
{
  message: 'data base connection established',
  level: 'info',
  service: 'user-service',
  label: 'PHU',
  timestamp: '2023-06-06T03:19:30.368Z'
}
{
  message: 'Example app listening on port 5000',
  level: 'info',
  service: 'user-service',
  label: 'PHU',
  timestamp: '2023-06-06T03:19:30.381Z'
}
