{
  message: 'data base connection established',
  level: 'info',
  service: 'user-service',
  label: 'PHU',
  timestamp: '2023-06-04T17:01:39.728Z'
}
{
  message: 'Example app listening on port 5000',
  level: 'info',
  service: 'user-service',
  label: 'PHU',
  timestamp: '2023-06-04T17:01:39.750Z'
}
{
  message: 'data base connection established',
  level: 'info',
  service: 'user-service',
  label: 'PHU',
  timestamp: '2023-06-04T17:03:12.981Z'
}
{
  message: 'Example app listening on port 5000',
  level: 'info',
  service: 'user-service',
  label: 'PHU',
  timestamp: '2023-06-04T17:03:13.002Z'
}
{
  message: 'data base connection established',
  level: 'info',
  service: 'user-service',
  label: 'PHU',
  timestamp: '2023-06-04T17:03:32.549Z'
}
{
  message: 'Example app listening on port 5000',
  level: 'info',
  service: 'user-service',
  label: 'PHU',
  timestamp: '2023-06-04T17:03:32.567Z'
}
{
  message: 'data base connection established',
  level: 'info',
  service: 'user-service',
  label: 'PHU',
  timestamp: '2023-06-04T17:04:06.754Z'
}
{
  message: 'Example app listening on port 5000',
  level: 'info',
  service: 'user-service',
  label: 'PHU',
  timestamp: '2023-06-04T17:04:06.778Z'
}
{
  message: 'data base connection established',
  level: 'info',
  service: 'user-service',
  label: 'PHU',
  timestamp: '2023-06-04T17:05:12.387Z'
}
{
  message: 'Example app listening on port 5000',
  level: 'info',
  service: 'user-service',
  label: 'PHU',
  timestamp: '2023-06-04T17:05:12.408Z'
}
{
  message: 'data base connection established',
  level: 'info',
  service: 'user-service',
  label: 'PHU',
  timestamp: '2023-06-04T17:05:26.910Z'
}
{
  message: 'Example app listening on port 5000',
  level: 'info',
  service: 'user-service',
  label: 'PHU',
  timestamp: '2023-06-04T17:05:26.934Z'
}
