{
  message: 'data base connection established',
  level: 'info',
  service: 'user-service',
  label: 'PHU',
  timestamp: '2023-06-08T23:54:21.751Z'
}
{
  message: 'Example app listening on port 5000',
  level: 'info',
  service: 'user-service',
  label: 'PHU',
  timestamp: '2023-06-08T23:54:21.784Z'
}
{
  message: 'data base connection established',
  level: 'info',
  service: 'user-service',
  label: 'PHU',
  timestamp: '2023-06-08T23:54:40.497Z'
}
{
  message: 'Example app listening on port 5000',
  level: 'info',
  service: 'user-service',
  label: 'PHU',
  timestamp: '2023-06-08T23:54:40.521Z'
}
{
  message: 'data base connection established',
  level: 'info',
  service: 'user-service',
  label: 'PHU',
  timestamp: '2023-06-09T00:07:45.004Z'
}
{
  message: 'Example app listening on port 5000',
  level: 'info',
  service: 'user-service',
  label: 'PHU',
  timestamp: '2023-06-09T00:07:45.025Z'
}
{
  message: 'data base connection established',
  level: 'info',
  service: 'user-service',
  label: 'PHU',
  timestamp: '2023-06-09T00:09:00.217Z'
}
{
  message: 'Example app listening on port 5000',
  level: 'info',
  service: 'user-service',
  label: 'PHU',
  timestamp: '2023-06-09T00:09:00.235Z'
}
{
  message: 'data base connection established',
  level: 'info',
  service: 'user-service',
  label: 'PHU',
  timestamp: '2023-06-09T00:12:46.590Z'
}
{
  message: 'Example app listening on port 5000',
  level: 'info',
  service: 'user-service',
  label: 'PHU',
  timestamp: '2023-06-09T00:12:46.612Z'
}
{
  message: 'data base connection established',
  level: 'info',
  service: 'user-service',
  label: 'PHU',
  timestamp: '2023-06-09T00:31:29.723Z'
}
{
  message: 'Example app listening on port 5000',
  level: 'info',
  service: 'user-service',
  label: 'PHU',
  timestamp: '2023-06-09T00:31:29.750Z'
}
{
  message: 'data base connection established',
  level: 'info',
  service: 'user-service',
  label: 'PHU',
  timestamp: '2023-06-09T00:33:36.510Z'
}
{
  message: 'Example app listening on port 5000',
  level: 'info',
  service: 'user-service',
  label: 'PHU',
  timestamp: '2023-06-09T00:33:36.531Z'
}
{
  message: 'data base connection established',
  level: 'info',
  service: 'user-service',
  label: 'PHU',
  timestamp: '2023-06-09T00:43:06.333Z'
}
{
  message: 'Example app listening on port 5000',
  level: 'info',
  service: 'user-service',
  label: 'PHU',
  timestamp: '2023-06-09T00:43:06.354Z'
}
{
  message: 'data base connection established',
  level: 'info',
  service: 'user-service',
  label: 'PHU',
  timestamp: '2023-06-09T00:46:13.904Z'
}
{
  message: 'Example app listening on port 5000',
  level: 'info',
  service: 'user-service',
  label: 'PHU',
  timestamp: '2023-06-09T00:46:13.922Z'
}
{
  message: 'data base connection established',
  level: 'info',
  service: 'user-service',
  label: 'PHU',
  timestamp: '2023-06-09T00:47:53.043Z'
}
{
  message: 'Example app listening on port 5000',
  level: 'info',
  service: 'user-service',
  label: 'PHU',
  timestamp: '2023-06-09T00:47:53.061Z'
}
{
  message: 'data base connection established',
  level: 'info',
  service: 'user-service',
  label: 'PHU',
  timestamp: '2023-06-09T00:49:27.549Z'
}
{
  message: 'Example app listening on port 5000',
  level: 'info',
  service: 'user-service',
  label: 'PHU',
  timestamp: '2023-06-09T00:49:27.570Z'
}
{
  message: 'data base connection established',
  level: 'info',
  service: 'user-service',
  label: 'PHU',
  timestamp: '2023-06-09T00:50:13.217Z'
}
{
  message: 'Example app listening on port 5000',
  level: 'info',
  service: 'user-service',
  label: 'PHU',
  timestamp: '2023-06-09T00:50:13.234Z'
}
{
  message: 'data base connection established',
  level: 'info',
  service: 'user-service',
  label: 'PHU',
  timestamp: '2023-06-09T00:51:42.816Z'
}
{
  message: 'Example app listening on port 5000',
  level: 'info',
  service: 'user-service',
  label: 'PHU',
  timestamp: '2023-06-09T00:51:42.835Z'
}
{
  message: 'data base connection established',
  level: 'info',
  service: 'user-service',
  label: 'PHU',
  timestamp: '2023-06-09T00:52:17.875Z'
}
{
  message: 'Example app listening on port 5000',
  level: 'info',
  service: 'user-service',
  label: 'PHU',
  timestamp: '2023-06-09T00:52:17.895Z'
}
{
  message: 'data base connection established',
  level: 'info',
  service: 'user-service',
  label: 'PHU',
  timestamp: '2023-06-09T00:55:28.189Z'
}
{
  message: 'Example app listening on port 5000',
  level: 'info',
  service: 'user-service',
  label: 'PHU',
  timestamp: '2023-06-09T00:55:28.205Z'
}
{
  message: 'data base connection established',
  level: 'info',
  service: 'user-service',
  label: 'PHU',
  timestamp: '2023-06-09T00:56:57.823Z'
}
{
  message: 'Example app listening on port 5000',
  level: 'info',
  service: 'user-service',
  label: 'PHU',
  timestamp: '2023-06-09T00:56:57.837Z'
}
{
  message: 'data base connection established',
  level: 'info',
  service: 'user-service',
  label: 'PHU',
  timestamp: '2023-06-09T01:08:59.127Z'
}
{
  message: 'Example app listening on port 5000',
  level: 'info',
  service: 'user-service',
  label: 'PHU',
  timestamp: '2023-06-09T01:08:59.162Z'
}
{
  message: 'data base connection established',
  level: 'info',
  service: 'user-service',
  label: 'PHU',
  timestamp: '2023-06-09T01:09:19.966Z'
}
{
  message: 'Example app listening on port 5000',
  level: 'info',
  service: 'user-service',
  label: 'PHU',
  timestamp: '2023-06-09T01:09:19.984Z'
}
{
  message: 'data base connection established',
  level: 'info',
  service: 'user-service',
  label: 'PHU',
  timestamp: '2023-06-09T01:14:43.928Z'
}
{
  message: 'Example app listening on port 5000',
  level: 'info',
  service: 'user-service',
  label: 'PHU',
  timestamp: '2023-06-09T01:14:43.945Z'
}
{
  message: 'data base connection established',
  level: 'info',
  service: 'user-service',
  label: 'PHU',
  timestamp: '2023-06-09T01:15:15.608Z'
}
{
  message: 'Example app listening on port 5000',
  level: 'info',
  service: 'user-service',
  label: 'PHU',
  timestamp: '2023-06-09T01:15:15.631Z'
}
{
  message: 'data base connection established',
  level: 'info',
  service: 'user-service',
  label: 'PHU',
  timestamp: '2023-06-09T01:15:40.496Z'
}
{
  message: 'Example app listening on port 5000',
  level: 'info',
  service: 'user-service',
  label: 'PHU',
  timestamp: '2023-06-09T01:15:40.527Z'
}
{
  message: 'data base connection established',
  level: 'info',
  service: 'user-service',
  label: 'PHU',
  timestamp: '2023-06-09T01:16:51.812Z'
}
{
  message: 'Example app listening on port 5000',
  level: 'info',
  service: 'user-service',
  label: 'PHU',
  timestamp: '2023-06-09T01:16:51.852Z'
}
{
  message: 'data base connection established',
  level: 'info',
  service: 'user-service',
  label: 'PHU',
  timestamp: '2023-06-09T01:17:03.731Z'
}
{
  message: 'Example app listening on port 5000',
  level: 'info',
  service: 'user-service',
  label: 'PHU',
  timestamp: '2023-06-09T01:17:03.748Z'
}
{
  message: 'data base connection established',
  level: 'info',
  service: 'user-service',
  label: 'PHU',
  timestamp: '2023-06-09T01:17:38.135Z'
}
{
  message: 'Example app listening on port 5000',
  level: 'info',
  service: 'user-service',
  label: 'PHU',
  timestamp: '2023-06-09T01:17:38.189Z'
}
{
  message: 'data base connection established',
  level: 'info',
  service: 'user-service',
  label: 'PHU',
  timestamp: '2023-06-09T01:18:01.392Z'
}
{
  message: 'Example app listening on port 5000',
  level: 'info',
  service: 'user-service',
  label: 'PHU',
  timestamp: '2023-06-09T01:18:01.411Z'
}
{
  message: 'data base connection established',
  level: 'info',
  service: 'user-service',
  label: 'PHU',
  timestamp: '2023-06-09T01:19:06.388Z'
}
{
  message: 'Example app listening on port 5000',
  level: 'info',
  service: 'user-service',
  label: 'PHU',
  timestamp: '2023-06-09T01:19:06.406Z'
}
{
  message: 'data base connection established',
  level: 'info',
  service: 'user-service',
  label: 'PHU',
  timestamp: '2023-06-09T01:19:51.215Z'
}
{
  message: 'Example app listening on port 5000',
  level: 'info',
  service: 'user-service',
  label: 'PHU',
  timestamp: '2023-06-09T01:19:51.235Z'
}
{
  message: 'data base connection established',
  level: 'info',
  service: 'user-service',
  label: 'PHU',
  timestamp: '2023-06-09T01:21:18.362Z'
}
{
  message: 'Example app listening on port 5000',
  level: 'info',
  service: 'user-service',
  label: 'PHU',
  timestamp: '2023-06-09T01:21:18.386Z'
}
{
  message: 'data base connection established',
  level: 'info',
  service: 'user-service',
  label: 'PHU',
  timestamp: '2023-06-09T01:21:46.315Z'
}
{
  message: 'Example app listening on port 5000',
  level: 'info',
  service: 'user-service',
  label: 'PHU',
  timestamp: '2023-06-09T01:21:46.335Z'
}
{
  message: 'data base connection established',
  level: 'info',
  service: 'user-service',
  label: 'PHU',
  timestamp: '2023-06-09T01:22:39.850Z'
}
{
  message: 'Example app listening on port 5000',
  level: 'info',
  service: 'user-service',
  label: 'PHU',
  timestamp: '2023-06-09T01:22:39.877Z'
}
{
  message: 'data base connection established',
  level: 'info',
  service: 'user-service',
  label: 'PHU',
  timestamp: '2023-06-09T01:23:22.006Z'
}
{
  message: 'Example app listening on port 5000',
  level: 'info',
  service: 'user-service',
  label: 'PHU',
  timestamp: '2023-06-09T01:23:22.029Z'
}
{
  message: 'data base connection established',
  level: 'info',
  service: 'user-service',
  label: 'PHU',
  timestamp: '2023-06-09T01:46:35.466Z'
}
{
  message: 'Example app listening on port 5000',
  level: 'info',
  service: 'user-service',
  label: 'PHU',
  timestamp: '2023-06-09T01:46:35.482Z'
}
{
  message: 'data base connection established',
  level: 'info',
  service: 'user-service',
  label: 'PHU',
  timestamp: '2023-06-09T01:48:59.507Z'
}
{
  message: 'Example app listening on port 5000',
  level: 'info',
  service: 'user-service',
  label: 'PHU',
  timestamp: '2023-06-09T01:48:59.522Z'
}
{
  message: 'data base connection established',
  level: 'info',
  service: 'user-service',
  label: 'PHU',
  timestamp: '2023-06-09T01:50:37.296Z'
}
{
  message: 'Example app listening on port 5000',
  level: 'info',
  service: 'user-service',
  label: 'PHU',
  timestamp: '2023-06-09T01:50:37.318Z'
}
{
  message: 'data base connection established',
  level: 'info',
  service: 'user-service',
  label: 'PHU',
  timestamp: '2023-06-09T01:54:58.959Z'
}
{
  message: 'Example app listening on port 5000',
  level: 'info',
  service: 'user-service',
  label: 'PHU',
  timestamp: '2023-06-09T01:54:58.980Z'
}
{
  message: 'data base connection established',
  level: 'info',
  service: 'user-service',
  label: 'PHU',
  timestamp: '2023-06-09T01:55:46.245Z'
}
{
  message: 'Example app listening on port 5000',
  level: 'info',
  service: 'user-service',
  label: 'PHU',
  timestamp: '2023-06-09T01:55:46.276Z'
}
{
  message: 'data base connection established',
  level: 'info',
  service: 'user-service',
  label: 'PHU',
  timestamp: '2023-06-09T01:59:44.990Z'
}
{
  message: 'Example app listening on port 5000',
  level: 'info',
  service: 'user-service',
  label: 'PHU',
  timestamp: '2023-06-09T01:59:45.011Z'
}
{
  message: 'data base connection established',
  level: 'info',
  service: 'user-service',
  label: 'PHU',
  timestamp: '2023-06-09T02:00:37.097Z'
}
{
  message: 'Example app listening on port 5000',
  level: 'info',
  service: 'user-service',
  label: 'PHU',
  timestamp: '2023-06-09T02:00:37.134Z'
}
{
  message: 'data base connection established',
  level: 'info',
  service: 'user-service',
  label: 'PHU',
  timestamp: '2023-06-09T02:02:18.226Z'
}
{
  message: 'Example app listening on port 5000',
  level: 'info',
  service: 'user-service',
  label: 'PHU',
  timestamp: '2023-06-09T02:02:18.252Z'
}
{
  message: 'data base connection established',
  level: 'info',
  service: 'user-service',
  label: 'PHU',
  timestamp: '2023-06-09T02:18:29.157Z'
}
{
  message: 'Example app listening on port 5000',
  level: 'info',
  service: 'user-service',
  label: 'PHU',
  timestamp: '2023-06-09T02:18:29.175Z'
}
{
  message: 'data base connection established',
  level: 'info',
  service: 'user-service',
  label: 'PHU',
  timestamp: '2023-06-09T02:19:36.981Z'
}
{
  message: 'Example app listening on port 5000',
  level: 'info',
  service: 'user-service',
  label: 'PHU',
  timestamp: '2023-06-09T02:19:37.000Z'
}
{
  message: 'data base connection established',
  level: 'info',
  service: 'user-service',
  label: 'PHU',
  timestamp: '2023-06-09T02:30:00.116Z'
}
{
  message: 'Example app listening on port 5000',
  level: 'info',
  service: 'user-service',
  label: 'PHU',
  timestamp: '2023-06-09T02:30:00.135Z'
}
{
  message: 'data base connection established',
  level: 'info',
  service: 'user-service',
  label: 'PHU',
  timestamp: '2023-06-09T02:30:45.259Z'
}
{
  message: 'Example app listening on port 5000',
  level: 'info',
  service: 'user-service',
  label: 'PHU',
  timestamp: '2023-06-09T02:30:45.277Z'
}
{
  message: 'data base connection established',
  level: 'info',
  service: 'user-service',
  label: 'PHU',
  timestamp: '2023-06-09T02:31:58.493Z'
}
{
  message: 'Example app listening on port 5000',
  level: 'info',
  service: 'user-service',
  label: 'PHU',
  timestamp: '2023-06-09T02:31:58.513Z'
}
{
  message: 'data base connection established',
  level: 'info',
  service: 'user-service',
  label: 'PHU',
  timestamp: '2023-06-09T02:34:18.252Z'
}
{
  message: 'Example app listening on port 5000',
  level: 'info',
  service: 'user-service',
  label: 'PHU',
  timestamp: '2023-06-09T02:34:18.272Z'
}
{
  message: 'data base connection established',
  level: 'info',
  service: 'user-service',
  label: 'PHU',
  timestamp: '2023-06-09T02:36:11.201Z'
}
{
  message: 'Example app listening on port 5000',
  level: 'info',
  service: 'user-service',
  label: 'PHU',
  timestamp: '2023-06-09T02:36:11.234Z'
}
{
  message: 'data base connection established',
  level: 'info',
  service: 'user-service',
  label: 'PHU',
  timestamp: '2023-06-09T02:36:20.836Z'
}
{
  message: 'Example app listening on port 5000',
  level: 'info',
  service: 'user-service',
  label: 'PHU',
  timestamp: '2023-06-09T02:36:20.862Z'
}
{
  message: 'data base connection established',
  level: 'info',
  service: 'user-service',
  label: 'PHU',
  timestamp: '2023-06-09T02:37:32.069Z'
}
{
  message: 'Example app listening on port 5000',
  level: 'info',
  service: 'user-service',
  label: 'PHU',
  timestamp: '2023-06-09T02:37:32.086Z'
}
{
  message: 'data base connection established',
  level: 'info',
  service: 'user-service',
  label: 'PHU',
  timestamp: '2023-06-09T02:37:54.272Z'
}
{
  message: 'Example app listening on port 5000',
  level: 'info',
  service: 'user-service',
  label: 'PHU',
  timestamp: '2023-06-09T02:37:54.296Z'
}
{
  message: 'data base connection established',
  level: 'info',
  service: 'user-service',
  label: 'PHU',
  timestamp: '2023-06-09T02:42:17.417Z'
}
{
  message: 'Example app listening on port 5000',
  level: 'info',
  service: 'user-service',
  label: 'PHU',
  timestamp: '2023-06-09T02:42:17.433Z'
}
{
  message: 'data base connection established',
  level: 'info',
  service: 'user-service',
  label: 'PHU',
  timestamp: '2023-06-09T02:50:03.475Z'
}
{
  message: 'Example app listening on port 5000',
  level: 'info',
  service: 'user-service',
  label: 'PHU',
  timestamp: '2023-06-09T02:50:03.504Z'
}
{
  message: 'data base connection established',
  level: 'info',
  service: 'user-service',
  label: 'PHU',
  timestamp: '2023-06-09T02:50:24.050Z'
}
{
  message: 'Example app listening on port 5000',
  level: 'info',
  service: 'user-service',
  label: 'PHU',
  timestamp: '2023-06-09T02:50:24.070Z'
}
{
  message: 'data base connection established',
  level: 'info',
  service: 'user-service',
  label: 'PHU',
  timestamp: '2023-06-09T02:53:26.696Z'
}
{
  message: 'Example app listening on port 5000',
  level: 'info',
  service: 'user-service',
  label: 'PHU',
  timestamp: '2023-06-09T02:53:26.715Z'
}
{
  message: 'data base connection established',
  level: 'info',
  service: 'user-service',
  label: 'PHU',
  timestamp: '2023-06-09T02:54:27.242Z'
}
{
  message: 'Example app listening on port 5000',
  level: 'info',
  service: 'user-service',
  label: 'PHU',
  timestamp: '2023-06-09T02:54:27.263Z'
}
{
  message: 'data base connection established',
  level: 'info',
  service: 'user-service',
  label: 'PHU',
  timestamp: '2023-06-09T02:55:03.710Z'
}
{
  message: 'Example app listening on port 5000',
  level: 'info',
  service: 'user-service',
  label: 'PHU',
  timestamp: '2023-06-09T02:55:03.727Z'
}
{
  message: 'data base connection established',
  level: 'info',
  service: 'user-service',
  label: 'PHU',
  timestamp: '2023-06-09T02:55:29.974Z'
}
{
  message: 'Example app listening on port 5000',
  level: 'info',
  service: 'user-service',
  label: 'PHU',
  timestamp: '2023-06-09T02:55:30.028Z'
}
{
  message: 'data base connection established',
  level: 'info',
  service: 'user-service',
  label: 'PHU',
  timestamp: '2023-06-09T02:56:21.802Z'
}
{
  message: 'Example app listening on port 5000',
  level: 'info',
  service: 'user-service',
  label: 'PHU',
  timestamp: '2023-06-09T02:56:21.819Z'
}
{
  message: 'data base connection established',
  level: 'info',
  service: 'user-service',
  label: 'PHU',
  timestamp: '2023-06-09T03:02:41.838Z'
}
{
  message: 'Example app listening on port 5000',
  level: 'info',
  service: 'user-service',
  label: 'PHU',
  timestamp: '2023-06-09T03:02:41.857Z'
}
{
  message: 'data base connection established',
  level: 'info',
  service: 'user-service',
  label: 'PHU',
  timestamp: '2023-06-09T03:03:39.494Z'
}
{
  message: 'Example app listening on port 5000',
  level: 'info',
  service: 'user-service',
  label: 'PHU',
  timestamp: '2023-06-09T03:03:39.512Z'
}
{
  message: 'data base connection established',
  level: 'info',
  service: 'user-service',
  label: 'PHU',
  timestamp: '2023-06-09T03:08:03.708Z'
}
{
  message: 'Example app listening on port 5000',
  level: 'info',
  service: 'user-service',
  label: 'PHU',
  timestamp: '2023-06-09T03:08:03.738Z'
}
{
  message: 'data base connection established',
  level: 'info',
  service: 'user-service',
  label: 'PHU',
  timestamp: '2023-06-09T03:09:02.649Z'
}
{
  message: 'Example app listening on port 5000',
  level: 'info',
  service: 'user-service',
  label: 'PHU',
  timestamp: '2023-06-09T03:09:02.667Z'
}
{
  message: 'data base connection established',
  level: 'info',
  service: 'user-service',
  label: 'PHU',
  timestamp: '2023-06-09T03:10:56.787Z'
}
{
  message: 'Example app listening on port 5000',
  level: 'info',
  service: 'user-service',
  label: 'PHU',
  timestamp: '2023-06-09T03:10:56.803Z'
}
