{
  message: 'data base connection established',
  level: 'info',
  service: 'user-service',
  label: 'PHU',
  timestamp: '2023-06-02T03:00:28.400Z'
}
{
  message: 'Example app listening on port 5000',
  level: 'info',
  service: 'user-service',
  label: 'PHU',
  timestamp: '2023-06-02T03:00:28.415Z'
}
{
  message: 'data base connection established',
  level: 'info',
  service: 'user-service',
  label: 'PHU',
  timestamp: '2023-06-02T03:02:09.820Z'
}
{
  message: 'Example app listening on port 5000',
  level: 'info',
  service: 'user-service',
  label: 'PHU',
  timestamp: '2023-06-02T03:02:09.836Z'
}
{
  message: 'data base connection established',
  level: 'info',
  service: 'user-service',
  label: 'PHU',
  timestamp: '2023-06-02T03:05:18.333Z'
}
{
  message: 'Example app listening on port 5000',
  level: 'info',
  service: 'user-service',
  label: 'PHU',
  timestamp: '2023-06-02T03:05:18.352Z'
}
{
  message: 'data base connection established',
  level: 'info',
  service: 'user-service',
  label: 'PHU',
  timestamp: '2023-06-02T03:08:47.570Z'
}
{
  message: 'Example app listening on port 5000',
  level: 'info',
  service: 'user-service',
  label: 'PHU',
  timestamp: '2023-06-02T03:08:47.588Z'
}
{
  message: 'data base connection established',
  level: 'info',
  service: 'user-service',
  label: 'PHU',
  timestamp: '2023-06-02T03:08:59.430Z'
}
{
  message: 'Example app listening on port 5000',
  level: 'info',
  service: 'user-service',
  label: 'PHU',
  timestamp: '2023-06-02T03:08:59.449Z'
}
{
  message: 'data base connection established',
  level: 'info',
  service: 'user-service',
  label: 'PHU',
  timestamp: '2023-06-02T03:17:04.121Z'
}
{
  message: 'Example app listening on port 5000',
  level: 'info',
  service: 'user-service',
  label: 'PHU',
  timestamp: '2023-06-02T03:17:04.165Z'
}
{
  message: 'data base connection established',
  level: 'info',
  service: 'user-service',
  label: 'PHU',
  timestamp: '2023-06-02T03:17:10.486Z'
}
{
  message: 'Example app listening on port 5000',
  level: 'info',
  service: 'user-service',
  label: 'PHU',
  timestamp: '2023-06-02T03:17:10.502Z'
}
{
  message: 'data base connection established',
  level: 'info',
  service: 'user-service',
  label: 'PHU',
  timestamp: '2023-06-02T03:17:58.136Z'
}
{
  message: 'Example app listening on port 5000',
  level: 'info',
  service: 'user-service',
  label: 'PHU',
  timestamp: '2023-06-02T03:17:58.151Z'
}
{
  message: 'data base connection established',
  level: 'info',
  service: 'user-service',
  label: 'PHU',
  timestamp: '2023-06-02T03:18:10.992Z'
}
{
  message: 'Example app listening on port 5000',
  level: 'info',
  service: 'user-service',
  label: 'PHU',
  timestamp: '2023-06-02T03:18:11.020Z'
}
{
  message: 'data base connection established',
  level: 'info',
  service: 'user-service',
  label: 'PHU',
  timestamp: '2023-06-02T03:19:17.094Z'
}
{
  message: 'Example app listening on port 5000',
  level: 'info',
  service: 'user-service',
  label: 'PHU',
  timestamp: '2023-06-02T03:19:17.113Z'
}
